This file contains any messages produced by compilers while
running configure, to aid debugging if configure makes a mistake.

It was created by reaver configure 1.4, which was
generated by GNU Autoconf 2.65.  Invocation command line was

  $ /Volumes/Macintosh HD/eransemo/Downloads/reaver-1.4/src/configure 

## --------- ##
## Platform. ##
## --------- ##

hostname = Erans-MacBook-Pro.local
uname -m = x86_64
uname -r = 13.0.0
uname -s = Darwin
uname -v = Darwin Kernel Version 13.0.0: Thu Sep 19 22:22:27 PDT 2013; root:xnu-2422.1.72~6/RELEASE_X86_64

/usr/bin/uname -p = i386
/bin/uname -X     = unknown

/bin/arch              = unknown
/usr/bin/arch -k       = unknown
/usr/convex/getsysinfo = unknown
/usr/bin/hostinfo      = Mach kernel version:
	 Darwin Kernel Version 13.0.0: Thu Sep 19 22:22:27 PDT 2013; root:xnu-2422.1.72~6/RELEASE_X86_64
Kernel configured for up to 8 processors.
4 processors are physically available.
8 processors are logically available.
Processor type: i486 (Intel 80486)
Processors active: 0 1 2 3 4 5 6 7
Primary memory available: 16.00 gigabytes
Default processor set: 189 tasks, 1157 threads, 8 processors
Load average: 2.26, Mach factor: 5.75
/bin/machine           = unknown
/usr/bin/oslevel       = unknown
/bin/universe          = unknown

PATH: /usr/local/mysql/bin
PATH: /usr/bin
PATH: /bin
PATH: /usr/sbin
PATH: /sbin
PATH: /usr/local/bin


## ----------- ##
## Core tests. ##
## ----------- ##

configure:2033: checking for gcc
configure:2049: found /usr/bin/gcc
configure:2060: result: gcc
configure:2289: checking for C compiler version
configure:2298: gcc --version >&5


Agreeing to the Xcode/iOS license requires admin privileges, please re-run as root via sudo.


configure:2309: $? = 69
configure:2298: gcc -v >&5


Agreeing to the Xcode/iOS license requires admin privileges, please re-run as root via sudo.


configure:2309: $? = 69
configure:2298: gcc -V >&5


Agreeing to the Xcode/iOS license requires admin privileges, please re-run as root via sudo.


configure:2309: $? = 69
configure:2298: gcc -qversion >&5


Agreeing to the Xcode/iOS license requires admin privileges, please re-run as root via sudo.


configure:2309: $? = 69
configure:2329: checking whether the C compiler works
configure:2351: gcc    conftest.c  >&5


Agreeing to the Xcode/iOS license requires admin privileges, please re-run as root via sudo.


configure:2355: $? = 69
configure:2393: result: no
configure: failed program was:
| /* confdefs.h */
| #define PACKAGE_NAME "reaver"
| #define PACKAGE_TARNAME "reaver"
| #define PACKAGE_VERSION "1.4"
| #define PACKAGE_STRING "reaver 1.4"
| #define PACKAGE_BUGREPORT ""
| #define PACKAGE_URL ""
| /* end confdefs.h.  */
| 
| int
| main ()
| {
| 
|   ;
|   return 0;
| }
configure:2398: error: in `/Volumes/Macintosh HD/eransemo':
configure:2402: error: C compiler cannot create executables
See `config.log' for more details.

## ---------------- ##
## Cache variables. ##
## ---------------- ##

ac_cv_env_CC_set=
ac_cv_env_CC_value=
ac_cv_env_CFLAGS_set=
ac_cv_env_CFLAGS_value=
ac_cv_env_CPPFLAGS_set=
ac_cv_env_CPPFLAGS_value=
ac_cv_env_CPP_set=
ac_cv_env_CPP_value=
ac_cv_env_LDFLAGS_set=
ac_cv_env_LDFLAGS_value=
ac_cv_env_LIBS_set=
ac_cv_env_LIBS_value=
ac_cv_env_build_alias_set=
ac_cv_env_build_alias_value=
ac_cv_env_host_alias_set=
ac_cv_env_host_alias_value=
ac_cv_env_target_alias_set=
ac_cv_env_target_alias_value=
ac_cv_prog_ac_ct_CC=gcc

## ----------------- ##
## Output variables. ##
## ----------------- ##

CC='gcc'
CFLAGS=''
CPP=''
CPPFLAGS=''
DEFS=''
ECHO_C='\c'
ECHO_N=''
ECHO_T=''
EGREP=''
EXEEXT=''
GREP=''
LDFLAGS=''
LIBOBJS=''
LIBS=''
LTLIBOBJS=''
OBJEXT=''
PACKAGE_BUGREPORT=''
PACKAGE_NAME='reaver'
PACKAGE_STRING='reaver 1.4'
PACKAGE_TARNAME='reaver'
PACKAGE_URL=''
PACKAGE_VERSION='1.4'
PATH_SEPARATOR=':'
SHELL='/bin/sh'
ac_ct_CC='gcc'
bindir='${exec_prefix}/bin'
build_alias=''
datadir='${datarootdir}'
datarootdir='${prefix}/share'
docdir='${datarootdir}/doc/${PACKAGE_TARNAME}'
dvidir='${docdir}'
exec_prefix='NONE'
host_alias=''
htmldir='${docdir}'
includedir='${prefix}/include'
infodir='${datarootdir}/info'
libdir='${exec_prefix}/lib'
libexecdir='${exec_prefix}/libexec'
localedir='${datarootdir}/locale'
localstatedir='${prefix}/var'
mandir='${datarootdir}/man'
oldincludedir='/usr/include'
pdfdir='${docdir}'
prefix='NONE'
program_transform_name='s,x,x,'
psdir='${docdir}'
sbindir='${exec_prefix}/sbin'
sharedstatedir='${prefix}/com'
sysconfdir='${prefix}/etc'
target=''
target_alias=''

## ----------- ##
## confdefs.h. ##
## ----------- ##

/* confdefs.h */
#define PACKAGE_NAME "reaver"
#define PACKAGE_TARNAME "reaver"
#define PACKAGE_VERSION "1.4"
#define PACKAGE_STRING "reaver 1.4"
#define PACKAGE_BUGREPORT ""
#define PACKAGE_URL ""

configure: exit 77
